#
# There is insufficient memory for the Java Runtime Environment to continue.
# Native memory allocation (mmap) failed to map 134217728 bytes for G1 virtual space
# Possible reasons:
#   The system is out of physical RAM or swap space
#   The process is running with CompressedOops enabled, and the Java Heap may be blocking the growth of the native heap
# Possible solutions:
#   Reduce memory load on the system
#   Increase physical memory or swap space
#   Check if swap backing store is full
#   Decrease Java heap size (-Xmx/-Xms)
#   Decrease number of Java threads
#   Decrease Java thread stack sizes (-Xss)
#   Set larger code cache with -XX:ReservedCodeCacheSize=
#   JVM is running with Unscaled Compressed Oops mode in which the Java heap is
#     placed in the first 4GB address space. The Java Heap base address is the
#     maximum limit for the native heap growth. Please use -XX:HeapBaseMinAddress
#     to set the Java Heap base and to place the Java Heap above 4GB virtual address.
# This output file may be truncated or incomplete.
#
#  Out of Memory Error (os_windows.cpp:3548), pid=5268, tid=8248
#
# JRE version:  (17.0.5+8) (build )
# Java VM: OpenJDK 64-Bit Server VM (17.0.5+8-LTS, mixed mode, sharing, tiered, compressed oops, compressed class ptrs, g1 gc, windows-amd64)
# No core dump will be written. Minidumps are not enabled by default on client versions of Windows
#

---------------  S U M M A R Y ------------

Command Line: -javaagent:C:\Program Files\JetBrains\IntelliJ IDEA 2022.1\lib\idea_rt.jar=56288:C:\Program Files\JetBrains\IntelliJ IDEA 2022.1\bin -Dfile.encoding=UTF-8 --module-path=C:\Users\Arsen\.m2\repository\org\openjfx\javafx-graphics\17.0.2\javafx-graphics-17.0.2-win.jar;C:\Users\Arsen\.m2\repository\jakarta\persistence\jakarta.persistence-api\3.1.0\jakarta.persistence-api-3.1.0.jar;C:\Users\Arsen\.m2\repository\org\openjfx\javafx-controls\17.0.2\javafx-controls-17.0.2-win.jar;C:\Users\Arsen\IdeaProjects\entity_lab\target\classes;C:\Users\Arsen\.m2\repository\org\openjfx\javafx-base\17.0.2\javafx-base-17.0.2-win.jar;C:\Users\Arsen\.m2\repository\org\mapstruct\mapstruct-processor\1.3.1.Final\mapstruct-processor-1.3.1.Final.jar;C:\Users\Arsen\.m2\repository\org\hibernate\orm\hibernate-core\6.2.0.CR1\hibernate-core-6.2.0.CR1.jar;C:\Users\Arsen\.m2\repository\org\openjfx\javafx-fxml\17.0.2\javafx-fxml-17.0.2-win.jar -Djdk.module.main=com.university.entity_lab com.university.entity_lab/com.university.entity_lab.TouristApplication

Host: Intel(R) Core(TM) i5-8250U CPU @ 1.60GHz, 8 cores, 7G,  Windows 10 , 64 bit Build 19041 (10.0.19041.1348)
Time: Wed Jan  4 17:51:20 2023  Windows 10 , 64 bit Build 19041 (10.0.19041.1348) elapsed time: 0.016531 seconds (0d 0h 0m 0s)

---------------  T H R E A D  ---------------

Current thread (0x000001e5ba7e91a0):  JavaThread "Unknown thread" [_thread_in_vm, id=8248, stack(0x000000554e400000,0x000000554e500000)]

Stack: [0x000000554e400000,0x000000554e500000]
Native frames: (J=compiled Java code, j=interpreted, Vv=VM code, C=native code)
V  [jvm.dll+0x646e0a]
V  [jvm.dll+0x7f7f14]
V  [jvm.dll+0x7f96ce]
V  [jvm.dll+0x7f9d23]
V  [jvm.dll+0x234c98]
V  [jvm.dll+0x643d6a]
V  [jvm.dll+0x63849a]
V  [jvm.dll+0x2f2ed9]
V  [jvm.dll+0x2fa066]
V  [jvm.dll+0x345a2a]
V  [jvm.dll+0x345c6f]
V  [jvm.dll+0x2c9378]
V  [jvm.dll+0x2ca309]
V  [jvm.dll+0x7cb681]
V  [jvm.dll+0x352eb1]
V  [jvm.dll+0x7abb8e]
V  [jvm.dll+0x3ce293]
V  [jvm.dll+0x3cfc91]
C  [jli.dll+0x519f]
C  [ucrtbase.dll+0x21bb2]
C  [KERNEL32.DLL+0x17034]
C  [ntdll.dll+0x52651]


---------------  P R O C E S S  ---------------

Threads class SMR info:
_java_thread_list=0x00007ffd048c6758, length=0, elements={
}

Java Threads: ( => current thread )

Other Threads:
  0x000001e5ba844310 GCTaskThread "GC Thread#0" [stack: 0x000000554e500000,0x000000554e600000] [id=3308]
  0x000001e5ba857460 ConcurrentGCThread "G1 Main Marker" [stack: 0x000000554e600000,0x000000554e700000] [id=4596]
  0x000001e5ba857d10 ConcurrentGCThread "G1 Conc#0" [stack: 0x000000554e700000,0x000000554e800000] [id=9008]

[error occurred during error reporting (printing all threads), id 0xc0000005, EXCEPTION_ACCESS_VIOLATION (0xc0000005) at pc=0x00007ffd040ba567]

VM state: not at safepoint (not fully initialized)

VM Mutex/Monitor currently owned by a thread:  ([mutex/lock_event])
[0x000001e5ba7e3a40] Heap_lock - owner thread: 0x000001e5ba7e91a0

Heap address: 0x0000000081600000, size: 2026 MB, Compressed Oops mode: 32-bit

CDS archive(s) mapped at: [0x0000000000000000-0x0000000000000000-0x0000000000000000), size 0, SharedBaseAddress: 0x0000000800000000, ArchiveRelocationMode: 0.
Narrow klass base: 0x0000000000000000, Narrow klass shift: 0, Narrow klass range: 0x0

GC Precious Log:
<Empty>

Heap:
 garbage-first heap   total 0K, used 0K [0x0000000081600000, 0x0000000100000000)
  region size 1024K, 0 young (0K), 0 survivors (0K)

[error occurred during error reporting (printing heap information), id 0xc0000005, EXCEPTION_ACCESS_VIOLATION (0xc0000005) at pc=0x00007ffd0447e739]

GC Heap History (0 events):
No events

Dll operation events (1 events):
Event: 0.012 Loaded shared library C:\Users\Arsen\.jdks\corretto-17.0.5-1\bin\java.dll

Deoptimization events (0 events):
No events

Classes unloaded (0 events):
No events

Classes redefined (0 events):
No events

Internal exceptions (0 events):
No events

VM Operations (0 events):
No events

Events (0 events):
No events


Dynamic libraries:
0x00007ff69ee00000 - 0x00007ff69ee0d000 	C:\Users\Arsen\.jdks\corretto-17.0.5-1\bin\java.exe
0x00007ffd47f30000 - 0x00007ffd48125000 	C:\Windows\SYSTEM32\ntdll.dll
0x00007ffd47dd0000 - 0x00007ffd47e8e000 	C:\Windows\System32\KERNEL32.DLL
0x00007ffd45640000 - 0x00007ffd45908000 	C:\Windows\System32\KERNELBASE.dll
0x00007ffd45ca0000 - 0x00007ffd45da0000 	C:\Windows\System32\ucrtbase.dll
0x00007ffd2a750000 - 0x00007ffd2a765000 	C:\Users\Arsen\.jdks\corretto-17.0.5-1\bin\VCRUNTIME140.dll
0x00007ffd2a770000 - 0x00007ffd2a787000 	C:\Users\Arsen\.jdks\corretto-17.0.5-1\bin\jli.dll
0x00007ffd469e0000 - 0x00007ffd46b81000 	C:\Windows\System32\USER32.dll
0x00007ffd45910000 - 0x00007ffd45932000 	C:\Windows\System32\win32u.dll
0x00007ffd475f0000 - 0x00007ffd4761b000 	C:\Windows\System32\GDI32.dll
0x00007ffd30220000 - 0x00007ffd304ba000 	C:\Windows\WinSxS\amd64_microsoft.windows.common-controls_6595b64144ccf1df_6.0.19041.1110_none_60b5254171f9507e\COMCTL32.dll
0x00007ffd45990000 - 0x00007ffd45a9d000 	C:\Windows\System32\gdi32full.dll
0x00007ffd46940000 - 0x00007ffd469de000 	C:\Windows\System32\msvcrt.dll
0x00007ffd45c00000 - 0x00007ffd45c9d000 	C:\Windows\System32\msvcp_win.dll
0x00007ffd47c20000 - 0x00007ffd47c50000 	C:\Windows\System32\IMM32.DLL
0x00007ffd0c920000 - 0x00007ffd0c9bb000 	C:\Users\Arsen\.jdks\corretto-17.0.5-1\bin\msvcp140.dll
0x00007ffd03de0000 - 0x00007ffd049f4000 	C:\Users\Arsen\.jdks\corretto-17.0.5-1\bin\server\jvm.dll
0x00007ffd46dd0000 - 0x00007ffd46e7c000 	C:\Windows\System32\ADVAPI32.dll
0x00007ffd47b20000 - 0x00007ffd47bbb000 	C:\Windows\System32\sechost.dll
0x00007ffd46b90000 - 0x00007ffd46cba000 	C:\Windows\System32\RPCRT4.dll
0x00007ffd30fa0000 - 0x00007ffd30fa9000 	C:\Windows\SYSTEM32\WSOCK32.dll
0x00007ffd3f690000 - 0x00007ffd3f69a000 	C:\Windows\SYSTEM32\VERSION.dll
0x00007ffd2a4e0000 - 0x00007ffd2a507000 	C:\Windows\SYSTEM32\WINMM.dll
0x00007ffd46e90000 - 0x00007ffd46efb000 	C:\Windows\System32\WS2_32.dll
0x00007ffd43e80000 - 0x00007ffd43e92000 	C:\Windows\SYSTEM32\kernel.appcore.dll
0x00007ffd2c320000 - 0x00007ffd2c32a000 	C:\Users\Arsen\.jdks\corretto-17.0.5-1\bin\jimage.dll
0x00007ffd432e0000 - 0x00007ffd434c4000 	C:\Windows\SYSTEM32\DBGHELP.DLL
0x00007ffd1df30000 - 0x00007ffd1df5c000 	C:\Windows\SYSTEM32\dbgcore.DLL
0x00007ffd45ee0000 - 0x00007ffd45f62000 	C:\Windows\System32\bcryptPrimitives.dll
0x00007ffd3c580000 - 0x00007ffd3c58e000 	C:\Users\Arsen\.jdks\corretto-17.0.5-1\bin\instrument.dll
0x00007ffd29650000 - 0x00007ffd29675000 	C:\Users\Arsen\.jdks\corretto-17.0.5-1\bin\java.dll

dbghelp: loaded successfully - version: 4.0.5 - missing functions: none
symbol engine: initialized successfully - sym options: 0x614 - pdb path: .;C:\Users\Arsen\.jdks\corretto-17.0.5-1\bin;C:\Windows\SYSTEM32;C:\Windows\WinSxS\amd64_microsoft.windows.common-controls_6595b64144ccf1df_6.0.19041.1110_none_60b5254171f9507e;C:\Users\Arsen\.jdks\corretto-17.0.5-1\bin\server

VM Arguments:
jvm_args: -javaagent:C:\Program Files\JetBrains\IntelliJ IDEA 2022.1\lib\idea_rt.jar=56288:C:\Program Files\JetBrains\IntelliJ IDEA 2022.1\bin -Dfile.encoding=UTF-8 --module-path=C:\Users\Arsen\.m2\repository\org\openjfx\javafx-graphics\17.0.2\javafx-graphics-17.0.2-win.jar;C:\Users\Arsen\.m2\repository\jakarta\persistence\jakarta.persistence-api\3.1.0\jakarta.persistence-api-3.1.0.jar;C:\Users\Arsen\.m2\repository\org\openjfx\javafx-controls\17.0.2\javafx-controls-17.0.2-win.jar;C:\Users\Arsen\IdeaProjects\entity_lab\target\classes;C:\Users\Arsen\.m2\repository\org\openjfx\javafx-base\17.0.2\javafx-base-17.0.2-win.jar;C:\Users\Arsen\.m2\repository\org\mapstruct\mapstruct-processor\1.3.1.Final\mapstruct-processor-1.3.1.Final.jar;C:\Users\Arsen\.m2\repository\org\hibernate\orm\hibernate-core\6.2.0.CR1\hibernate-core-6.2.0.CR1.jar;C:\Users\Arsen\.m2\repository\org\openjfx\javafx-fxml\17.0.2\javafx-fxml-17.0.2-win.jar -Djdk.module.main=com.university.entity_lab 
java_command: com.university.entity_lab/com.university.entity_lab.TouristApplication
java_class_path (initial): C:\Users\Arsen\.m2\repository\org\openjfx\javafx-controls\17.0.2\javafx-controls-17.0.2.jar;C:\Users\Arsen\.m2\repository\org\openjfx\javafx-graphics\17.0.2\javafx-graphics-17.0.2.jar;C:\Users\Arsen\.m2\repository\org\openjfx\javafx-base\17.0.2\javafx-base-17.0.2.jar;C:\Users\Arsen\.m2\repository\org\openjfx\javafx-fxml\17.0.2\javafx-fxml-17.0.2.jar;C:\Users\Arsen\.m2\repository\jakarta\transaction\jakarta.transaction-api\2.0.0\jakarta.transaction-api-2.0.0.jar;C:\Users\Arsen\.m2\repository\org\jboss\logging\jboss-logging\3.4.3.Final\jboss-logging-3.4.3.Final.jar;C:\Users\Arsen\.m2\repository\org\hibernate\common\hibernate-commons-annotations\6.0.5.Final\hibernate-commons-annotations-6.0.5.Final.jar;C:\Users\Arsen\.m2\repository\io\smallrye\jandex\3.0.3\jandex-3.0.3.jar;C:\Users\Arsen\.m2\repository\com\fasterxml\classmate\1.5.1\classmate-1.5.1.jar;C:\Users\Arsen\.m2\repository\net\bytebuddy\byte-buddy\1.12.18\byte-buddy-1.12.18.jar;C:\Users\Arsen\.m2\repository\jakarta\xml\bind\jakarta.xml.bind-api\3.0.1\jakarta.xml.bind-api-3.0.1.jar;C:\Users\Arsen\.m2\repository\com\sun\activation\jakarta.activation\2.0.1\jakarta.activation-2.0.1.jar;C:\Users\Arsen\.m2\repository\org\glassfish\jaxb\jaxb-runtime\3.0.2\jaxb-runtime-3.0.2.jar;C:\Users\Arsen\.m2\repository\org\glassfish\jaxb\jaxb-core\3.0.2\jaxb-core-3.0.2.jar;C:\Users\Arsen\.m2\repository\org\glassfish\jaxb\txw2\3.0.2\txw2-3.0.2.jar;C:\Users\Arsen\.m2\repository\com\sun\istack\istack-commons-runtime\4.0.1\istack-commons-runtime-4.0.1.jar;C:\Users\Arsen\.m2\repository\jakarta\inject\jakarta.inject-api\2.0.0\jakarta.inject-api-2.0.0.jar;C:\Users\Arsen\.m2\repository\org\antlr\antlr4-runtime\4.10.1\antlr4-runtime-4.10.1.jar;C:\Users\Arsen\.m2\repository\org\postgresql\postgresql\42.5.1\postgresql-42.5.1.jar;C:\Users\Arsen\.m2\repository\org\checkerframework\checker-qual\3.5.0\checker-qual-3.5.0.jar
Launcher Type: SUN_STANDARD

[Global flags]
     intx CICompilerCount                          = 4                                         {product} {ergonomic}
     uint ConcGCThreads                            = 2                                         {product} {ergonomic}
     uint G1ConcRefinementThreads                  = 8                                         {product} {ergonomic}
   size_t G1HeapRegionSize                         = 1048576                                   {product} {ergonomic}
    uintx GCDrainStackTargetSize                   = 64                                        {product} {ergonomic}
   size_t InitialHeapSize                          = 134217728                                 {product} {ergonomic}
   size_t MarkStackSize                            = 4194304                                   {product} {ergonomic}
   size_t MaxHeapSize                              = 2124414976                                {product} {ergonomic}
   size_t MinHeapDeltaBytes                        = 1048576                                   {product} {ergonomic}
   size_t MinHeapSize                              = 8388608                                   {product} {ergonomic}
    uintx NonNMethodCodeHeapSize                   = 5839372                                {pd product} {ergonomic}
    uintx NonProfiledCodeHeapSize                  = 122909434                              {pd product} {ergonomic}
    uintx ProfiledCodeHeapSize                     = 122909434                              {pd product} {ergonomic}
    uintx ReservedCodeCacheSize                    = 251658240                              {pd product} {ergonomic}
     bool SegmentedCodeCache                       = true                                      {product} {ergonomic}
   size_t SoftMaxHeapSize                          = 2124414976                             {manageable} {ergonomic}
     bool UseCompressedClassPointers               = true                           {product lp64_product} {ergonomic}
     bool UseCompressedOops                        = true                           {product lp64_product} {ergonomic}
     bool UseG1GC                                  = true                                      {product} {ergonomic}
     bool UseLargePagesIndividualAllocation        = false                                  {pd product} {ergonomic}

Logging:
Log output configuration:
 #0: stdout all=warning uptime,level,tags
 #1: stderr all=off uptime,level,tags

Environment Variables:
PATH=C:\Program Files\Common Files\Oracle\Java\javapath;C:\Windows\system32;C:\Windows;C:\Windows\System32\Wbem;C:\Windows\System32\WindowsPowerShell\v1.0\;C:\Windows\System32\OpenSSH\;C:\Program Files\NVIDIA Corporation\NVIDIA NvDLISR;C:\Program Files\Git\cmd;C:\Program Files\dotnet\;C:\Program Files\starship\bin\;C:\ProgramData\chocolatey\bin;;C:\Program Files (x86)\NVIDIA Corporation\PhysX\Common;C:\Users\Arsen\scoop\shims;C:\Users\Arsen\AppData\Local\Microsoft\WindowsApps;;C:\Program Files\JetBrains\PhpStorm 2022.1\bin;;C:\Program Files\JetBrains\IntelliJ IDEA 2022.1\bin;;C:\Program Files\JetBrains\JetBrains Rider 2022.1.1\bin;;C:\Users\Arsen\AppData\Local\Programs\Microsoft VS Code\bin;C:\Program Files\JetBrains\DataGrip 2022.1.2\bin;;C:\Users\Arsen\.dotnet\tools;C:\Program Files\JetBrains\PhpStorm 2022.2.2\bin;
USERNAME=Arsen
OS=Windows_NT
PROCESSOR_IDENTIFIER=Intel64 Family 6 Model 142 Stepping 10, GenuineIntel
TMP=C:\Users\Arsen\AppData\Local\Temp
TEMP=C:\Users\Arsen\AppData\Local\Temp



---------------  S Y S T E M  ---------------

OS:
 Windows 10 , 64 bit Build 19041 (10.0.19041.1348)
OS uptime: 0 days 1:13 hours
Hyper-V role detected

CPU: total 8 (initial active 8) (4 cores per cpu, 2 threads per core) family 6 model 142 stepping 10 microcode 0xb4, cx8, cmov, fxsr, ht, mmx, 3dnowpref, sse, sse2, sse3, ssse3, sse4.1, sse4.2, popcnt, lzcnt, tsc, tscinvbit, avx, avx2, aes, erms, clmul, bmi1, bmi2, adx, fma, vzeroupper, clflush, clflushopt, hv

Memory: 4k page, system-wide physical 8101M (467M free)
TotalPageFile size 10117M (AvailPageFile size 76M)
current process WorkingSet (physical memory assigned to process): 10M, peak: 10M
current process commit charge ("private bytes"): 60M, peak: 188M

vm_info: OpenJDK 64-Bit Server VM (17.0.5+8-LTS) for windows-amd64 JRE (17.0.5+8-LTS), built on Oct 13 2022 05:18:14 by "Administrator" with MS VC++ 15.9 (VS2017)

END.
